{"/home/jvictorfarias/Documents/NewGoStack/nivel03/fundamentos-nodejs/src/app.ts": {"path":"/home/jvictorfarias/Documents/NewGoStack/nivel03/fundamentos-nodejs/src/app.ts","statementMap":{"0":{"start":{"line":1,"column":0},"end":{"line":1,"column":30}},"1":{"start":{"line":2,"column":0},"end":{"line":2,"column":30}},"2":{"start":{"line":4,"column":12},"end":{"line":4,"column":21}},"3":{"start":{"line":5,"column":0},"end":{"line":5,"column":24}},"4":{"start":{"line":6,"column":0},"end":{"line":6,"column":16}},"5":{"start":{"line":8,"column":0},"end":{"line":8,"column":19}}},"fnMap":{},"branchMap":{},"s":{"0":1,"1":1,"2":1,"3":1,"4":1,"5":1},"f":{},"b":{}}
,"/home/jvictorfarias/Documents/NewGoStack/nivel03/fundamentos-nodejs/src/models/Transaction.ts": {"path":"/home/jvictorfarias/Documents/NewGoStack/nivel03/fundamentos-nodejs/src/models/Transaction.ts","statementMap":{"0":{"start":{"line":1,"column":0},"end":{"line":1,"column":30}},"1":{"start":{"line":3,"column":0},"end":{"line":3,"column":null}},"2":{"start":{"line":12,"column":16},"end":{"line":12,"column":21}},"3":{"start":{"line":12,"column":23},"end":{"line":12,"column":28}},"4":{"start":{"line":12,"column":30},"end":{"line":12,"column":34}},"5":{"start":{"line":13,"column":4},"end":{"line":13,"column":21}},"6":{"start":{"line":14,"column":4},"end":{"line":14,"column":23}},"7":{"start":{"line":15,"column":4},"end":{"line":15,"column":23}},"8":{"start":{"line":16,"column":4},"end":{"line":16,"column":21}},"9":{"start":{"line":18,"column":0},"end":{"line":18,"column":null}},"10":{"start":{"line":20,"column":0},"end":{"line":20,"column":27}}},"fnMap":{"0":{"name":"(anonymous_0)","decl":{"start":{"line":3,"column":0},"end":{"line":3,"column":null}},"loc":{"start":{"line":3,"column":0},"end":{"line":18,"column":null}}},"1":{"name":"Transaction","decl":{"start":{"line":12,"column":2},"end":{"line":12,"column":14}},"loc":{"start":{"line":12,"column":61},"end":{"line":17,"column":3}}}},"branchMap":{},"s":{"0":1,"1":1,"2":3,"3":3,"4":3,"5":3,"6":3,"7":3,"8":3,"9":1,"10":1},"f":{"0":1,"1":3},"b":{}}
,"/home/jvictorfarias/Documents/NewGoStack/nivel03/fundamentos-nodejs/src/repositories/TransactionsRepository.ts": {"path":"/home/jvictorfarias/Documents/NewGoStack/nivel03/fundamentos-nodejs/src/repositories/TransactionsRepository.ts","statementMap":{"0":{"start":{"line":1,"column":0},"end":{"line":1,"column":48}},"1":{"start":{"line":14,"column":0},"end":{"line":14,"column":null}},"2":{"start":{"line":18,"column":4},"end":{"line":18,"column":27}},"3":{"start":{"line":21,"column":9},"end":{"line":23,"column":null}},"4":{"start":{"line":22,"column":4},"end":{"line":22,"column":29}},"5":{"start":{"line":25,"column":9},"end":{"line":48,"column":null}},"6":{"start":{"line":26,"column":31},"end":{"line":31,"column":null}},"7":{"start":{"line":28,"column":8},"end":{"line":30,"column":null}},"8":{"start":{"line":33,"column":32},"end":{"line":38,"column":null}},"9":{"start":{"line":35,"column":8},"end":{"line":37,"column":null}},"10":{"start":{"line":41,"column":20},"end":{"line":45,"column":6}},"11":{"start":{"line":47,"column":4},"end":{"line":47,"column":19}},"12":{"start":{"line":50,"column":9},"end":{"line":56,"column":null}},"13":{"start":{"line":50,"column":18},"end":{"line":50,"column":23}},"14":{"start":{"line":50,"column":25},"end":{"line":50,"column":30}},"15":{"start":{"line":50,"column":32},"end":{"line":50,"column":36}},"16":{"start":{"line":51,"column":24},"end":{"line":51,"column":63}},"17":{"start":{"line":53,"column":4},"end":{"line":53,"column":40}},"18":{"start":{"line":55,"column":4},"end":{"line":55,"column":23}},"19":{"start":{"line":57,"column":0},"end":{"line":57,"column":null}},"20":{"start":{"line":59,"column":0},"end":{"line":59,"column":38}}},"fnMap":{"0":{"name":"(anonymous_1)","decl":{"start":{"line":14,"column":0},"end":{"line":14,"column":null}},"loc":{"start":{"line":14,"column":0},"end":{"line":57,"column":null}}},"1":{"name":"TransactionsRepository","decl":{"start":{"line":17,"column":2},"end":{"line":17,"column":null}},"loc":{"start":{"line":17,"column":2},"end":{"line":19,"column":3}}},"2":{"name":"(anonymous_3)","decl":{"start":{"line":21,"column":2},"end":{"line":21,"column":9}},"loc":{"start":{"line":21,"column":2},"end":{"line":23,"column":3}}},"3":{"name":"(anonymous_4)","decl":{"start":{"line":25,"column":2},"end":{"line":25,"column":9}},"loc":{"start":{"line":25,"column":2},"end":{"line":48,"column":3}}},"4":{"name":"(anonymous_5)","decl":{"start":{"line":27,"column":6},"end":{"line":27,"column":7}},"loc":{"start":{"line":27,"column":39},"end":{"line":28,"column":23}}},"5":{"name":"(anonymous_6)","decl":{"start":{"line":34,"column":6},"end":{"line":34,"column":7}},"loc":{"start":{"line":34,"column":39},"end":{"line":35,"column":23}}},"6":{"name":"(anonymous_7)","decl":{"start":{"line":50,"column":2},"end":{"line":50,"column":9}},"loc":{"start":{"line":50,"column":60},"end":{"line":56,"column":3}}}},"branchMap":{"0":{"loc":{"start":{"line":29,"column":12},"end":{"line":29,"column":51}},"type":"cond-expr","locations":[{"start":{"line":29,"column":12},"end":{"line":29,"column":51}},{"start":{"line":30,"column":12},"end":{"line":30,"column":27}}]},"1":{"loc":{"start":{"line":36,"column":12},"end":{"line":36,"column":51}},"type":"cond-expr","locations":[{"start":{"line":36,"column":12},"end":{"line":36,"column":51}},{"start":{"line":37,"column":12},"end":{"line":37,"column":27}}]}},"s":{"0":1,"1":1,"2":1,"3":1,"4":1,"5":1,"6":5,"7":9,"8":5,"9":9,"10":5,"11":5,"12":1,"13":3,"14":3,"15":3,"16":3,"17":3,"18":3,"19":1,"20":1},"f":{"0":1,"1":1,"2":1,"3":5,"4":9,"5":9,"6":3},"b":{"0":[7,2],"1":[2,7]}}
,"/home/jvictorfarias/Documents/NewGoStack/nivel03/fundamentos-nodejs/src/routes/index.ts": {"path":"/home/jvictorfarias/Documents/NewGoStack/nivel03/fundamentos-nodejs/src/routes/index.ts","statementMap":{"0":{"start":{"line":1,"column":0},"end":{"line":1,"column":33}},"1":{"start":{"line":2,"column":0},"end":{"line":2,"column":53}},"2":{"start":{"line":4,"column":15},"end":{"line":4,"column":23}},"3":{"start":{"line":6,"column":0},"end":{"line":6,"column":47}},"4":{"start":{"line":8,"column":0},"end":{"line":8,"column":22}}},"fnMap":{},"branchMap":{},"s":{"0":1,"1":1,"2":1,"3":1,"4":1},"f":{},"b":{}}
,"/home/jvictorfarias/Documents/NewGoStack/nivel03/fundamentos-nodejs/src/routes/transaction.routes.ts": {"path":"/home/jvictorfarias/Documents/NewGoStack/nivel03/fundamentos-nodejs/src/routes/transaction.routes.ts","statementMap":{"0":{"start":{"line":1,"column":0},"end":{"line":1,"column":33}},"1":{"start":{"line":3,"column":0},"end":{"line":3,"column":76}},"2":{"start":{"line":5,"column":0},"end":{"line":5,"column":76}},"3":{"start":{"line":6,"column":0},"end":{"line":6,"column":74}},"4":{"start":{"line":8,"column":26},"end":{"line":8,"column":34}},"5":{"start":{"line":9,"column":31},"end":{"line":9,"column":59}},"6":{"start":{"line":11,"column":0},"end":{"line":23,"column":3}},"7":{"start":{"line":12,"column":2},"end":{"line":22,"column":null}},"8":{"start":{"line":13,"column":29},"end":{"line":14,"column":null}},"9":{"start":{"line":17,"column":31},"end":{"line":17,"column":57}},"10":{"start":{"line":19,"column":4},"end":{"line":19,"column":57}},"11":{"start":{"line":21,"column":4},"end":{"line":21,"column":61}},"12":{"start":{"line":25,"column":0},"end":{"line":39,"column":3}},"13":{"start":{"line":26,"column":2},"end":{"line":38,"column":null}},"14":{"start":{"line":27,"column":10},"end":{"line":27,"column":12}},"15":{"start":{"line":27,"column":12},"end":{"line":27,"column":17}},"16":{"start":{"line":27,"column":19},"end":{"line":27,"column":24}},"17":{"start":{"line":27,"column":26},"end":{"line":27,"column":47}},"18":{"start":{"line":29,"column":30},"end":{"line":30,"column":null}},"19":{"start":{"line":33,"column":24},"end":{"line":33,"column":73}},"20":{"start":{"line":35,"column":4},"end":{"line":35,"column":50}},"21":{"start":{"line":37,"column":4},"end":{"line":37,"column":61}},"22":{"start":{"line":41,"column":0},"end":{"line":41,"column":33}}},"fnMap":{"0":{"name":"(anonymous_1)","decl":{"start":{"line":11,"column":27},"end":{"line":11,"column":28}},"loc":{"start":{"line":11,"column":45},"end":{"line":23,"column":1}}},"1":{"name":"(anonymous_2)","decl":{"start":{"line":25,"column":28},"end":{"line":25,"column":29}},"loc":{"start":{"line":25,"column":46},"end":{"line":39,"column":1}}}},"branchMap":{},"s":{"0":1,"1":1,"2":1,"3":1,"4":1,"5":1,"6":1,"7":1,"8":1,"9":1,"10":1,"11":0,"12":1,"13":4,"14":4,"15":4,"16":4,"17":4,"18":4,"19":4,"20":3,"21":1,"22":1},"f":{"0":1,"1":4},"b":{}}
,"/home/jvictorfarias/Documents/NewGoStack/nivel03/fundamentos-nodejs/src/services/CreateTransactionService.ts": {"path":"/home/jvictorfarias/Documents/NewGoStack/nivel03/fundamentos-nodejs/src/services/CreateTransactionService.ts","statementMap":{"0":{"start":{"line":9,"column":0},"end":{"line":9,"column":null}},"1":{"start":{"line":13,"column":4},"end":{"line":13,"column":57}},"2":{"start":{"line":16,"column":9},"end":{"line":30,"column":null}},"3":{"start":{"line":16,"column":19},"end":{"line":16,"column":24}},"4":{"start":{"line":16,"column":26},"end":{"line":16,"column":31}},"5":{"start":{"line":16,"column":33},"end":{"line":16,"column":37}},"6":{"start":{"line":17,"column":12},"end":{"line":17,"column":17}},"7":{"start":{"line":19,"column":4},"end":{"line":21,"column":null}},"8":{"start":{"line":20,"column":6},"end":{"line":20,"column":45}},"9":{"start":{"line":23,"column":24},"end":{"line":27,"column":6}},"10":{"start":{"line":29,"column":4},"end":{"line":29,"column":23}},"11":{"start":{"line":31,"column":0},"end":{"line":31,"column":null}},"12":{"start":{"line":33,"column":0},"end":{"line":33,"column":40}}},"fnMap":{"0":{"name":"(anonymous_0)","decl":{"start":{"line":9,"column":0},"end":{"line":9,"column":null}},"loc":{"start":{"line":9,"column":0},"end":{"line":31,"column":null}}},"1":{"name":"CreateTransactionService","decl":{"start":{"line":12,"column":2},"end":{"line":12,"column":14}},"loc":{"start":{"line":12,"column":60},"end":{"line":14,"column":3}}},"2":{"name":"(anonymous_2)","decl":{"start":{"line":16,"column":2},"end":{"line":16,"column":9}},"loc":{"start":{"line":16,"column":48},"end":{"line":30,"column":3}}}},"branchMap":{"0":{"loc":{"start":{"line":19,"column":4},"end":{"line":21,"column":null}},"type":"if","locations":[{"start":{"line":19,"column":4},"end":{"line":21,"column":null}},{"start":{"line":19,"column":4},"end":{"line":21,"column":null}}]},"1":{"loc":{"start":{"line":19,"column":8},"end":{"line":19,"column":26}},"type":"binary-expr","locations":[{"start":{"line":19,"column":8},"end":{"line":19,"column":26}},{"start":{"line":19,"column":30},"end":{"line":19,"column":43}}]}},"s":{"0":1,"1":4,"2":1,"3":4,"4":4,"5":4,"6":4,"7":4,"8":1,"9":3,"10":3,"11":1,"12":1},"f":{"0":1,"1":4,"2":4},"b":{"0":[1,3],"1":[4,2]}}
,"/home/jvictorfarias/Documents/NewGoStack/nivel03/fundamentos-nodejs/src/services/ListTransactionsService.ts": {"path":"/home/jvictorfarias/Documents/NewGoStack/nivel03/fundamentos-nodejs/src/services/ListTransactionsService.ts","statementMap":{"0":{"start":{"line":15,"column":0},"end":{"line":15,"column":null}},"1":{"start":{"line":19,"column":4},"end":{"line":19,"column":57}},"2":{"start":{"line":22,"column":9},"end":{"line":31,"column":null}},"3":{"start":{"line":23,"column":25},"end":{"line":23,"column":58}},"4":{"start":{"line":25,"column":4},"end":{"line":27,"column":null}},"5":{"start":{"line":26,"column":6},"end":{"line":26,"column":40}},"6":{"start":{"line":28,"column":20},"end":{"line":28,"column":60}},"7":{"start":{"line":30,"column":4},"end":{"line":30,"column":37}},"8":{"start":{"line":32,"column":0},"end":{"line":32,"column":null}},"9":{"start":{"line":34,"column":0},"end":{"line":34,"column":39}}},"fnMap":{"0":{"name":"(anonymous_0)","decl":{"start":{"line":15,"column":0},"end":{"line":15,"column":null}},"loc":{"start":{"line":15,"column":0},"end":{"line":32,"column":null}}},"1":{"name":"ListTransactionsService","decl":{"start":{"line":18,"column":2},"end":{"line":18,"column":14}},"loc":{"start":{"line":18,"column":60},"end":{"line":20,"column":3}}},"2":{"name":"(anonymous_2)","decl":{"start":{"line":22,"column":2},"end":{"line":22,"column":9}},"loc":{"start":{"line":22,"column":2},"end":{"line":31,"column":3}}}},"branchMap":{"0":{"loc":{"start":{"line":25,"column":4},"end":{"line":27,"column":null}},"type":"if","locations":[{"start":{"line":25,"column":4},"end":{"line":27,"column":null}},{"start":{"line":25,"column":4},"end":{"line":27,"column":null}}]}},"s":{"0":1,"1":1,"2":1,"3":1,"4":1,"5":0,"6":1,"7":1,"8":1,"9":1},"f":{"0":1,"1":1,"2":1},"b":{"0":[0,1]}}
}
