TN:
SF:src/app.ts
FNF:0
FNH:0
DA:1,1
DA:2,1
DA:4,1
DA:5,1
DA:6,1
DA:8,1
LF:6
LH:6
BRF:0
BRH:0
end_of_record
TN:
SF:src/models/Transaction.ts
FN:3,(anonymous_0)
FN:12,Transaction
FNF:2
FNH:2
FNDA:1,(anonymous_0)
FNDA:3,Transaction
DA:1,1
DA:3,1
DA:12,3
DA:13,3
DA:14,3
DA:15,3
DA:16,3
DA:18,1
DA:20,1
LF:9
LH:9
BRF:0
BRH:0
end_of_record
TN:
SF:src/repositories/TransactionsRepository.ts
FN:14,(anonymous_1)
FN:17,TransactionsRepository
FN:21,(anonymous_3)
FN:25,(anonymous_4)
FN:27,(anonymous_5)
FN:34,(anonymous_6)
FN:50,(anonymous_7)
FNF:7
FNH:7
FNDA:1,(anonymous_1)
FNDA:1,TransactionsRepository
FNDA:1,(anonymous_3)
FNDA:5,(anonymous_4)
FNDA:9,(anonymous_5)
FNDA:9,(anonymous_6)
FNDA:3,(anonymous_7)
DA:1,1
DA:14,1
DA:18,1
DA:21,1
DA:22,1
DA:25,1
DA:26,5
DA:28,9
DA:33,5
DA:35,9
DA:41,5
DA:47,5
DA:50,3
DA:51,3
DA:53,3
DA:55,3
DA:57,1
DA:59,1
LF:18
LH:18
BRDA:29,0,0,7
BRDA:29,0,1,2
BRDA:36,1,0,2
BRDA:36,1,1,7
BRF:4
BRH:4
end_of_record
TN:
SF:src/routes/index.ts
FNF:0
FNH:0
DA:1,1
DA:2,1
DA:4,1
DA:6,1
DA:8,1
LF:5
LH:5
BRF:0
BRH:0
end_of_record
TN:
SF:src/routes/transaction.routes.ts
FN:11,(anonymous_1)
FN:25,(anonymous_2)
FNF:2
FNH:2
FNDA:1,(anonymous_1)
FNDA:4,(anonymous_2)
DA:1,1
DA:3,1
DA:5,1
DA:6,1
DA:8,1
DA:9,1
DA:11,1
DA:12,1
DA:13,1
DA:17,1
DA:19,1
DA:21,0
DA:25,1
DA:26,4
DA:27,4
DA:29,4
DA:33,4
DA:35,3
DA:37,1
DA:41,1
LF:20
LH:19
BRF:0
BRH:0
end_of_record
TN:
SF:src/services/CreateTransactionService.ts
FN:9,(anonymous_0)
FN:12,CreateTransactionService
FN:16,(anonymous_2)
FNF:3
FNH:3
FNDA:1,(anonymous_0)
FNDA:4,CreateTransactionService
FNDA:4,(anonymous_2)
DA:9,1
DA:13,4
DA:16,4
DA:17,4
DA:19,4
DA:20,1
DA:23,3
DA:29,3
DA:31,1
DA:33,1
LF:10
LH:10
BRDA:19,0,0,1
BRDA:19,0,1,3
BRDA:19,1,0,4
BRDA:19,1,1,2
BRF:4
BRH:4
end_of_record
TN:
SF:src/services/ListTransactionsService.ts
FN:15,(anonymous_0)
FN:18,ListTransactionsService
FN:22,(anonymous_2)
FNF:3
FNH:3
FNDA:1,(anonymous_0)
FNDA:1,ListTransactionsService
FNDA:1,(anonymous_2)
DA:15,1
DA:19,1
DA:22,1
DA:23,1
DA:25,1
DA:26,0
DA:28,1
DA:30,1
DA:32,1
DA:34,1
LF:10
LH:9
BRDA:25,0,0,0
BRDA:25,0,1,1
BRF:2
BRH:1
end_of_record
